<?xml version="1.0" encoding="UTF-8"?>
<testsuite xmlns:xsi="http://www.w3.org/2001/XMLSchema-instance" xsi:noNamespaceSchemaLocation="https://maven.apache.org/surefire/maven-surefire-plugin/xsd/surefire-test-report.xsd" name="com.barberia.ServicioRestBarberiaApplicationTests" time="5.633" tests="1" errors="0" skipped="0" failures="0">
  <properties>
    <property name="sun.desktop" value="windows"/>
    <property name="awt.toolkit" value="sun.awt.windows.WToolkit"/>
    <property name="file.encoding.pkg" value="sun.io"/>
    <property name="java.specification.version" value="1.8"/>
    <property name="sun.cpu.isalist" value="amd64"/>
    <property name="sun.jnu.encoding" value="Cp1252"/>
    <property name="java.class.path" value="C:\Users\Alonso\Desktop\Alonso\Barbery\ServicioRestBarberia\target\test-classes;C:\Users\Alonso\Desktop\Alonso\Barbery\ServicioRestBarberia\target\classes;C:\Users\Alonso\.m2\repository\org\springframework\boot\spring-boot-starter-jersey\2.0.8.BUILD-SNAPSHOT\spring-boot-starter-jersey-2.0.8.BUILD-SNAPSHOT.jar;C:\Users\Alonso\.m2\repository\org\springframework\boot\spring-boot-starter\2.0.8.BUILD-SNAPSHOT\spring-boot-starter-2.0.8.BUILD-SNAPSHOT.jar;C:\Users\Alonso\.m2\repository\org\springframework\boot\spring-boot\2.0.8.BUILD-SNAPSHOT\spring-boot-2.0.8.BUILD-SNAPSHOT.jar;C:\Users\Alonso\.m2\repository\org\springframework\boot\spring-boot-autoconfigure\2.0.8.BUILD-SNAPSHOT\spring-boot-autoconfigure-2.0.8.BUILD-SNAPSHOT.jar;C:\Users\Alonso\.m2\repository\org\springframework\boot\spring-boot-starter-logging\2.0.8.BUILD-SNAPSHOT\spring-boot-starter-logging-2.0.8.BUILD-SNAPSHOT.jar;C:\Users\Alonso\.m2\repository\ch\qos\logback\logback-classic\1.2.3\logback-classic-1.2.3.jar;C:\Users\Alonso\.m2\repository\ch\qos\logback\logback-core\1.2.3\logback-core-1.2.3.jar;C:\Users\Alonso\.m2\repository\org\apache\logging\log4j\log4j-to-slf4j\2.10.0\log4j-to-slf4j-2.10.0.jar;C:\Users\Alonso\.m2\repository\org\apache\logging\log4j\log4j-api\2.10.0\log4j-api-2.10.0.jar;C:\Users\Alonso\.m2\repository\org\slf4j\jul-to-slf4j\1.7.25\jul-to-slf4j-1.7.25.jar;C:\Users\Alonso\.m2\repository\javax\annotation\javax.annotation-api\1.3.2\javax.annotation-api-1.3.2.jar;C:\Users\Alonso\.m2\repository\org\yaml\snakeyaml\1.19\snakeyaml-1.19.jar;C:\Users\Alonso\.m2\repository\org\springframework\boot\spring-boot-starter-json\2.0.8.BUILD-SNAPSHOT\spring-boot-starter-json-2.0.8.BUILD-SNAPSHOT.jar;C:\Users\Alonso\.m2\repository\com\fasterxml\jackson\core\jackson-databind\2.9.8\jackson-databind-2.9.8.jar;C:\Users\Alonso\.m2\repository\com\fasterxml\jackson\core\jackson-core\2.9.8\jackson-core-2.9.8.jar;C:\Users\Alonso\.m2\repository\com\fasterxml\jackson\datatype\jackson-datatype-jdk8\2.9.8\jackson-datatype-jdk8-2.9.8.jar;C:\Users\Alonso\.m2\repository\com\fasterxml\jackson\datatype\jackson-datatype-jsr310\2.9.8\jackson-datatype-jsr310-2.9.8.jar;C:\Users\Alonso\.m2\repository\com\fasterxml\jackson\module\jackson-module-parameter-names\2.9.8\jackson-module-parameter-names-2.9.8.jar;C:\Users\Alonso\.m2\repository\org\springframework\boot\spring-boot-starter-tomcat\2.0.8.BUILD-SNAPSHOT\spring-boot-starter-tomcat-2.0.8.BUILD-SNAPSHOT.jar;C:\Users\Alonso\.m2\repository\org\apache\tomcat\embed\tomcat-embed-core\8.5.37\tomcat-embed-core-8.5.37.jar;C:\Users\Alonso\.m2\repository\org\apache\tomcat\embed\tomcat-embed-el\8.5.37\tomcat-embed-el-8.5.37.jar;C:\Users\Alonso\.m2\repository\org\apache\tomcat\embed\tomcat-embed-websocket\8.5.37\tomcat-embed-websocket-8.5.37.jar;C:\Users\Alonso\.m2\repository\org\springframework\boot\spring-boot-starter-validation\2.0.8.BUILD-SNAPSHOT\spring-boot-starter-validation-2.0.8.BUILD-SNAPSHOT.jar;C:\Users\Alonso\.m2\repository\org\springframework\spring-web\5.0.12.BUILD-SNAPSHOT\spring-web-5.0.12.BUILD-SNAPSHOT.jar;C:\Users\Alonso\.m2\repository\org\springframework\spring-beans\5.0.12.BUILD-SNAPSHOT\spring-beans-5.0.12.BUILD-SNAPSHOT.jar;C:\Users\Alonso\.m2\repository\org\glassfish\jersey\core\jersey-server\2.26\jersey-server-2.26.jar;C:\Users\Alonso\.m2\repository\org\glassfish\jersey\core\jersey-common\2.26\jersey-common-2.26.jar;C:\Users\Alonso\.m2\repository\org\glassfish\hk2\osgi-resource-locator\1.0.1\osgi-resource-locator-1.0.1.jar;C:\Users\Alonso\.m2\repository\org\glassfish\jersey\core\jersey-client\2.26\jersey-client-2.26.jar;C:\Users\Alonso\.m2\repository\javax\ws\rs\javax.ws.rs-api\2.1\javax.ws.rs-api-2.1.jar;C:\Users\Alonso\.m2\repository\org\glassfish\jersey\media\jersey-media-jaxb\2.26\jersey-media-jaxb-2.26.jar;C:\Users\Alonso\.m2\repository\javax\validation\validation-api\2.0.1.Final\validation-api-2.0.1.Final.jar;C:\Users\Alonso\.m2\repository\org\glassfish\jersey\containers\jersey-container-servlet-core\2.26\jersey-container-servlet-core-2.26.jar;C:\Users\Alonso\.m2\repository\org\glassfish\jersey\containers\jersey-container-servlet\2.26\jersey-container-servlet-2.26.jar;C:\Users\Alonso\.m2\repository\org\glassfish\jersey\ext\jersey-bean-validation\2.26\jersey-bean-validation-2.26.jar;C:\Users\Alonso\.m2\repository\org\glassfish\jersey\ext\jersey-spring4\2.26\jersey-spring4-2.26.jar;C:\Users\Alonso\.m2\repository\org\glassfish\jersey\inject\jersey-hk2\2.26\jersey-hk2-2.26.jar;C:\Users\Alonso\.m2\repository\org\glassfish\hk2\hk2-locator\2.5.0-b42\hk2-locator-2.5.0-b42.jar;C:\Users\Alonso\.m2\repository\org\glassfish\hk2\external\aopalliance-repackaged\2.5.0-b42\aopalliance-repackaged-2.5.0-b42.jar;C:\Users\Alonso\.m2\repository\org\javassist\javassist\3.22.0-CR2\javassist-3.22.0-CR2.jar;C:\Users\Alonso\.m2\repository\org\glassfish\hk2\hk2\2.5.0-b42\hk2-2.5.0-b42.jar;C:\Users\Alonso\.m2\repository\org\glassfish\hk2\hk2-utils\2.5.0-b42\hk2-utils-2.5.0-b42.jar;C:\Users\Alonso\.m2\repository\javax\inject\javax.inject\1\javax.inject-1.jar;C:\Users\Alonso\.m2\repository\org\glassfish\hk2\hk2-api\2.5.0-b42\hk2-api-2.5.0-b42.jar;C:\Users\Alonso\.m2\repository\org\glassfish\hk2\config-types\2.5.0-b42\config-types-2.5.0-b42.jar;C:\Users\Alonso\.m2\repository\org\glassfish\hk2\hk2-core\2.5.0-b42\hk2-core-2.5.0-b42.jar;C:\Users\Alonso\.m2\repository\org\glassfish\hk2\hk2-config\2.5.0-b42\hk2-config-2.5.0-b42.jar;C:\Users\Alonso\.m2\repository\org\glassfish\hk2\hk2-runlevel\2.5.0-b42\hk2-runlevel-2.5.0-b42.jar;C:\Users\Alonso\.m2\repository\org\glassfish\hk2\class-model\2.5.0-b42\class-model-2.5.0-b42.jar;C:\Users\Alonso\.m2\repository\org\glassfish\hk2\external\asm-all-repackaged\2.5.0-b42\asm-all-repackaged-2.5.0-b42.jar;C:\Users\Alonso\.m2\repository\org\glassfish\hk2\spring-bridge\2.5.0-b42\spring-bridge-2.5.0-b42.jar;C:\Users\Alonso\.m2\repository\org\springframework\spring-aop\5.0.12.BUILD-SNAPSHOT\spring-aop-5.0.12.BUILD-SNAPSHOT.jar;C:\Users\Alonso\.m2\repository\org\glassfish\jersey\media\jersey-media-json-jackson\2.26\jersey-media-json-jackson-2.26.jar;C:\Users\Alonso\.m2\repository\org\glassfish\jersey\ext\jersey-entity-filtering\2.26\jersey-entity-filtering-2.26.jar;C:\Users\Alonso\.m2\repository\com\fasterxml\jackson\core\jackson-annotations\2.9.0\jackson-annotations-2.9.0.jar;C:\Users\Alonso\.m2\repository\com\fasterxml\jackson\module\jackson-module-jaxb-annotations\2.9.8\jackson-module-jaxb-annotations-2.9.8.jar;C:\Users\Alonso\.m2\repository\org\springframework\boot\spring-boot-starter-web\2.0.8.BUILD-SNAPSHOT\spring-boot-starter-web-2.0.8.BUILD-SNAPSHOT.jar;C:\Users\Alonso\.m2\repository\org\hibernate\validator\hibernate-validator\6.0.13.Final\hibernate-validator-6.0.13.Final.jar;C:\Users\Alonso\.m2\repository\org\jboss\logging\jboss-logging\3.3.2.Final\jboss-logging-3.3.2.Final.jar;C:\Users\Alonso\.m2\repository\com\fasterxml\classmate\1.3.4\classmate-1.3.4.jar;C:\Users\Alonso\.m2\repository\org\springframework\spring-webmvc\5.0.12.BUILD-SNAPSHOT\spring-webmvc-5.0.12.BUILD-SNAPSHOT.jar;C:\Users\Alonso\.m2\repository\org\springframework\spring-context\5.0.12.BUILD-SNAPSHOT\spring-context-5.0.12.BUILD-SNAPSHOT.jar;C:\Users\Alonso\.m2\repository\org\springframework\spring-expression\5.0.12.BUILD-SNAPSHOT\spring-expression-5.0.12.BUILD-SNAPSHOT.jar;C:\Users\Alonso\.m2\repository\org\springframework\boot\spring-boot-starter-web-services\2.0.8.BUILD-SNAPSHOT\spring-boot-starter-web-services-2.0.8.BUILD-SNAPSHOT.jar;C:\Users\Alonso\.m2\repository\org\springframework\spring-oxm\5.0.12.BUILD-SNAPSHOT\spring-oxm-5.0.12.BUILD-SNAPSHOT.jar;C:\Users\Alonso\.m2\repository\org\springframework\ws\spring-ws-core\3.0.4.RELEASE\spring-ws-core-3.0.4.RELEASE.jar;C:\Users\Alonso\.m2\repository\org\springframework\ws\spring-xml\3.0.4.RELEASE\spring-xml-3.0.4.RELEASE.jar;C:\Users\Alonso\.m2\repository\commons-io\commons-io\2.5\commons-io-2.5.jar;C:\Users\Alonso\.m2\repository\mysql\mysql-connector-java\5.1.47\mysql-connector-java-5.1.47.jar;C:\Users\Alonso\.m2\repository\org\springframework\boot\spring-boot-starter-test\2.0.8.BUILD-SNAPSHOT\spring-boot-starter-test-2.0.8.BUILD-SNAPSHOT.jar;C:\Users\Alonso\.m2\repository\org\springframework\boot\spring-boot-test\2.0.8.BUILD-SNAPSHOT\spring-boot-test-2.0.8.BUILD-SNAPSHOT.jar;C:\Users\Alonso\.m2\repository\org\springframework\boot\spring-boot-test-autoconfigure\2.0.8.BUILD-SNAPSHOT\spring-boot-test-autoconfigure-2.0.8.BUILD-SNAPSHOT.jar;C:\Users\Alonso\.m2\repository\com\jayway\jsonpath\json-path\2.4.0\json-path-2.4.0.jar;C:\Users\Alonso\.m2\repository\net\minidev\json-smart\2.3\json-smart-2.3.jar;C:\Users\Alonso\.m2\repository\net\minidev\accessors-smart\1.2\accessors-smart-1.2.jar;C:\Users\Alonso\.m2\repository\org\ow2\asm\asm\5.0.4\asm-5.0.4.jar;C:\Users\Alonso\.m2\repository\org\slf4j\slf4j-api\1.7.25\slf4j-api-1.7.25.jar;C:\Users\Alonso\.m2\repository\junit\junit\4.12\junit-4.12.jar;C:\Users\Alonso\.m2\repository\org\assertj\assertj-core\3.9.1\assertj-core-3.9.1.jar;C:\Users\Alonso\.m2\repository\org\mockito\mockito-core\2.15.0\mockito-core-2.15.0.jar;C:\Users\Alonso\.m2\repository\net\bytebuddy\byte-buddy\1.7.11\byte-buddy-1.7.11.jar;C:\Users\Alonso\.m2\repository\net\bytebuddy\byte-buddy-agent\1.7.11\byte-buddy-agent-1.7.11.jar;C:\Users\Alonso\.m2\repository\org\objenesis\objenesis\2.6\objenesis-2.6.jar;C:\Users\Alonso\.m2\repository\org\hamcrest\hamcrest-core\1.3\hamcrest-core-1.3.jar;C:\Users\Alonso\.m2\repository\org\hamcrest\hamcrest-library\1.3\hamcrest-library-1.3.jar;C:\Users\Alonso\.m2\repository\org\skyscreamer\jsonassert\1.5.0\jsonassert-1.5.0.jar;C:\Users\Alonso\.m2\repository\com\vaadin\external\google\android-json\0.0.20131108.vaadin1\android-json-0.0.20131108.vaadin1.jar;C:\Users\Alonso\.m2\repository\org\springframework\spring-core\5.0.12.BUILD-SNAPSHOT\spring-core-5.0.12.BUILD-SNAPSHOT.jar;C:\Users\Alonso\.m2\repository\org\springframework\spring-jcl\5.0.12.BUILD-SNAPSHOT\spring-jcl-5.0.12.BUILD-SNAPSHOT.jar;C:\Users\Alonso\.m2\repository\org\springframework\spring-test\5.0.12.BUILD-SNAPSHOT\spring-test-5.0.12.BUILD-SNAPSHOT.jar;C:\Users\Alonso\.m2\repository\org\xmlunit\xmlunit-core\2.5.1\xmlunit-core-2.5.1.jar;"/>
    <property name="java.vm.vendor" value="Oracle Corporation"/>
    <property name="sun.arch.data.model" value="64"/>
    <property name="user.variant" value=""/>
    <property name="java.vendor.url" value="http://java.oracle.com/"/>
    <property name="user.timezone" value=""/>
    <property name="java.vm.specification.version" value="1.8"/>
    <property name="os.name" value="Windows 10"/>
    <property name="user.country" value="PE"/>
    <property name="sun.java.launcher" value="SUN_STANDARD"/>
    <property name="sun.boot.library.path" value="C:\Program Files\Java\jdk1.8.0_151\jre\bin"/>
    <property name="sun.java.command" value="C:\Users\Alonso\AppData\Local\Temp\surefire743870528000121844\surefirebooter8627391236397455449.jar C:\Users\Alonso\AppData\Local\Temp\surefire743870528000121844 2018-12-31T19-06-58_453-jvmRun1 surefire8548949364459978435tmp surefire_01124906113744023749tmp"/>
    <property name="surefire.test.class.path" value="C:\Users\Alonso\Desktop\Alonso\Barbery\ServicioRestBarberia\target\test-classes;C:\Users\Alonso\Desktop\Alonso\Barbery\ServicioRestBarberia\target\classes;C:\Users\Alonso\.m2\repository\org\springframework\boot\spring-boot-starter-jersey\2.0.8.BUILD-SNAPSHOT\spring-boot-starter-jersey-2.0.8.BUILD-SNAPSHOT.jar;C:\Users\Alonso\.m2\repository\org\springframework\boot\spring-boot-starter\2.0.8.BUILD-SNAPSHOT\spring-boot-starter-2.0.8.BUILD-SNAPSHOT.jar;C:\Users\Alonso\.m2\repository\org\springframework\boot\spring-boot\2.0.8.BUILD-SNAPSHOT\spring-boot-2.0.8.BUILD-SNAPSHOT.jar;C:\Users\Alonso\.m2\repository\org\springframework\boot\spring-boot-autoconfigure\2.0.8.BUILD-SNAPSHOT\spring-boot-autoconfigure-2.0.8.BUILD-SNAPSHOT.jar;C:\Users\Alonso\.m2\repository\org\springframework\boot\spring-boot-starter-logging\2.0.8.BUILD-SNAPSHOT\spring-boot-starter-logging-2.0.8.BUILD-SNAPSHOT.jar;C:\Users\Alonso\.m2\repository\ch\qos\logback\logback-classic\1.2.3\logback-classic-1.2.3.jar;C:\Users\Alonso\.m2\repository\ch\qos\logback\logback-core\1.2.3\logback-core-1.2.3.jar;C:\Users\Alonso\.m2\repository\org\apache\logging\log4j\log4j-to-slf4j\2.10.0\log4j-to-slf4j-2.10.0.jar;C:\Users\Alonso\.m2\repository\org\apache\logging\log4j\log4j-api\2.10.0\log4j-api-2.10.0.jar;C:\Users\Alonso\.m2\repository\org\slf4j\jul-to-slf4j\1.7.25\jul-to-slf4j-1.7.25.jar;C:\Users\Alonso\.m2\repository\javax\annotation\javax.annotation-api\1.3.2\javax.annotation-api-1.3.2.jar;C:\Users\Alonso\.m2\repository\org\yaml\snakeyaml\1.19\snakeyaml-1.19.jar;C:\Users\Alonso\.m2\repository\org\springframework\boot\spring-boot-starter-json\2.0.8.BUILD-SNAPSHOT\spring-boot-starter-json-2.0.8.BUILD-SNAPSHOT.jar;C:\Users\Alonso\.m2\repository\com\fasterxml\jackson\core\jackson-databind\2.9.8\jackson-databind-2.9.8.jar;C:\Users\Alonso\.m2\repository\com\fasterxml\jackson\core\jackson-core\2.9.8\jackson-core-2.9.8.jar;C:\Users\Alonso\.m2\repository\com\fasterxml\jackson\datatype\jackson-datatype-jdk8\2.9.8\jackson-datatype-jdk8-2.9.8.jar;C:\Users\Alonso\.m2\repository\com\fasterxml\jackson\datatype\jackson-datatype-jsr310\2.9.8\jackson-datatype-jsr310-2.9.8.jar;C:\Users\Alonso\.m2\repository\com\fasterxml\jackson\module\jackson-module-parameter-names\2.9.8\jackson-module-parameter-names-2.9.8.jar;C:\Users\Alonso\.m2\repository\org\springframework\boot\spring-boot-starter-tomcat\2.0.8.BUILD-SNAPSHOT\spring-boot-starter-tomcat-2.0.8.BUILD-SNAPSHOT.jar;C:\Users\Alonso\.m2\repository\org\apache\tomcat\embed\tomcat-embed-core\8.5.37\tomcat-embed-core-8.5.37.jar;C:\Users\Alonso\.m2\repository\org\apache\tomcat\embed\tomcat-embed-el\8.5.37\tomcat-embed-el-8.5.37.jar;C:\Users\Alonso\.m2\repository\org\apache\tomcat\embed\tomcat-embed-websocket\8.5.37\tomcat-embed-websocket-8.5.37.jar;C:\Users\Alonso\.m2\repository\org\springframework\boot\spring-boot-starter-validation\2.0.8.BUILD-SNAPSHOT\spring-boot-starter-validation-2.0.8.BUILD-SNAPSHOT.jar;C:\Users\Alonso\.m2\repository\org\springframework\spring-web\5.0.12.BUILD-SNAPSHOT\spring-web-5.0.12.BUILD-SNAPSHOT.jar;C:\Users\Alonso\.m2\repository\org\springframework\spring-beans\5.0.12.BUILD-SNAPSHOT\spring-beans-5.0.12.BUILD-SNAPSHOT.jar;C:\Users\Alonso\.m2\repository\org\glassfish\jersey\core\jersey-server\2.26\jersey-server-2.26.jar;C:\Users\Alonso\.m2\repository\org\glassfish\jersey\core\jersey-common\2.26\jersey-common-2.26.jar;C:\Users\Alonso\.m2\repository\org\glassfish\hk2\osgi-resource-locator\1.0.1\osgi-resource-locator-1.0.1.jar;C:\Users\Alonso\.m2\repository\org\glassfish\jersey\core\jersey-client\2.26\jersey-client-2.26.jar;C:\Users\Alonso\.m2\repository\javax\ws\rs\javax.ws.rs-api\2.1\javax.ws.rs-api-2.1.jar;C:\Users\Alonso\.m2\repository\org\glassfish\jersey\media\jersey-media-jaxb\2.26\jersey-media-jaxb-2.26.jar;C:\Users\Alonso\.m2\repository\javax\validation\validation-api\2.0.1.Final\validation-api-2.0.1.Final.jar;C:\Users\Alonso\.m2\repository\org\glassfish\jersey\containers\jersey-container-servlet-core\2.26\jersey-container-servlet-core-2.26.jar;C:\Users\Alonso\.m2\repository\org\glassfish\jersey\containers\jersey-container-servlet\2.26\jersey-container-servlet-2.26.jar;C:\Users\Alonso\.m2\repository\org\glassfish\jersey\ext\jersey-bean-validation\2.26\jersey-bean-validation-2.26.jar;C:\Users\Alonso\.m2\repository\org\glassfish\jersey\ext\jersey-spring4\2.26\jersey-spring4-2.26.jar;C:\Users\Alonso\.m2\repository\org\glassfish\jersey\inject\jersey-hk2\2.26\jersey-hk2-2.26.jar;C:\Users\Alonso\.m2\repository\org\glassfish\hk2\hk2-locator\2.5.0-b42\hk2-locator-2.5.0-b42.jar;C:\Users\Alonso\.m2\repository\org\glassfish\hk2\external\aopalliance-repackaged\2.5.0-b42\aopalliance-repackaged-2.5.0-b42.jar;C:\Users\Alonso\.m2\repository\org\javassist\javassist\3.22.0-CR2\javassist-3.22.0-CR2.jar;C:\Users\Alonso\.m2\repository\org\glassfish\hk2\hk2\2.5.0-b42\hk2-2.5.0-b42.jar;C:\Users\Alonso\.m2\repository\org\glassfish\hk2\hk2-utils\2.5.0-b42\hk2-utils-2.5.0-b42.jar;C:\Users\Alonso\.m2\repository\javax\inject\javax.inject\1\javax.inject-1.jar;C:\Users\Alonso\.m2\repository\org\glassfish\hk2\hk2-api\2.5.0-b42\hk2-api-2.5.0-b42.jar;C:\Users\Alonso\.m2\repository\org\glassfish\hk2\config-types\2.5.0-b42\config-types-2.5.0-b42.jar;C:\Users\Alonso\.m2\repository\org\glassfish\hk2\hk2-core\2.5.0-b42\hk2-core-2.5.0-b42.jar;C:\Users\Alonso\.m2\repository\org\glassfish\hk2\hk2-config\2.5.0-b42\hk2-config-2.5.0-b42.jar;C:\Users\Alonso\.m2\repository\org\glassfish\hk2\hk2-runlevel\2.5.0-b42\hk2-runlevel-2.5.0-b42.jar;C:\Users\Alonso\.m2\repository\org\glassfish\hk2\class-model\2.5.0-b42\class-model-2.5.0-b42.jar;C:\Users\Alonso\.m2\repository\org\glassfish\hk2\external\asm-all-repackaged\2.5.0-b42\asm-all-repackaged-2.5.0-b42.jar;C:\Users\Alonso\.m2\repository\org\glassfish\hk2\spring-bridge\2.5.0-b42\spring-bridge-2.5.0-b42.jar;C:\Users\Alonso\.m2\repository\org\springframework\spring-aop\5.0.12.BUILD-SNAPSHOT\spring-aop-5.0.12.BUILD-SNAPSHOT.jar;C:\Users\Alonso\.m2\repository\org\glassfish\jersey\media\jersey-media-json-jackson\2.26\jersey-media-json-jackson-2.26.jar;C:\Users\Alonso\.m2\repository\org\glassfish\jersey\ext\jersey-entity-filtering\2.26\jersey-entity-filtering-2.26.jar;C:\Users\Alonso\.m2\repository\com\fasterxml\jackson\core\jackson-annotations\2.9.0\jackson-annotations-2.9.0.jar;C:\Users\Alonso\.m2\repository\com\fasterxml\jackson\module\jackson-module-jaxb-annotations\2.9.8\jackson-module-jaxb-annotations-2.9.8.jar;C:\Users\Alonso\.m2\repository\org\springframework\boot\spring-boot-starter-web\2.0.8.BUILD-SNAPSHOT\spring-boot-starter-web-2.0.8.BUILD-SNAPSHOT.jar;C:\Users\Alonso\.m2\repository\org\hibernate\validator\hibernate-validator\6.0.13.Final\hibernate-validator-6.0.13.Final.jar;C:\Users\Alonso\.m2\repository\org\jboss\logging\jboss-logging\3.3.2.Final\jboss-logging-3.3.2.Final.jar;C:\Users\Alonso\.m2\repository\com\fasterxml\classmate\1.3.4\classmate-1.3.4.jar;C:\Users\Alonso\.m2\repository\org\springframework\spring-webmvc\5.0.12.BUILD-SNAPSHOT\spring-webmvc-5.0.12.BUILD-SNAPSHOT.jar;C:\Users\Alonso\.m2\repository\org\springframework\spring-context\5.0.12.BUILD-SNAPSHOT\spring-context-5.0.12.BUILD-SNAPSHOT.jar;C:\Users\Alonso\.m2\repository\org\springframework\spring-expression\5.0.12.BUILD-SNAPSHOT\spring-expression-5.0.12.BUILD-SNAPSHOT.jar;C:\Users\Alonso\.m2\repository\org\springframework\boot\spring-boot-starter-web-services\2.0.8.BUILD-SNAPSHOT\spring-boot-starter-web-services-2.0.8.BUILD-SNAPSHOT.jar;C:\Users\Alonso\.m2\repository\org\springframework\spring-oxm\5.0.12.BUILD-SNAPSHOT\spring-oxm-5.0.12.BUILD-SNAPSHOT.jar;C:\Users\Alonso\.m2\repository\org\springframework\ws\spring-ws-core\3.0.4.RELEASE\spring-ws-core-3.0.4.RELEASE.jar;C:\Users\Alonso\.m2\repository\org\springframework\ws\spring-xml\3.0.4.RELEASE\spring-xml-3.0.4.RELEASE.jar;C:\Users\Alonso\.m2\repository\commons-io\commons-io\2.5\commons-io-2.5.jar;C:\Users\Alonso\.m2\repository\mysql\mysql-connector-java\5.1.47\mysql-connector-java-5.1.47.jar;C:\Users\Alonso\.m2\repository\org\springframework\boot\spring-boot-starter-test\2.0.8.BUILD-SNAPSHOT\spring-boot-starter-test-2.0.8.BUILD-SNAPSHOT.jar;C:\Users\Alonso\.m2\repository\org\springframework\boot\spring-boot-test\2.0.8.BUILD-SNAPSHOT\spring-boot-test-2.0.8.BUILD-SNAPSHOT.jar;C:\Users\Alonso\.m2\repository\org\springframework\boot\spring-boot-test-autoconfigure\2.0.8.BUILD-SNAPSHOT\spring-boot-test-autoconfigure-2.0.8.BUILD-SNAPSHOT.jar;C:\Users\Alonso\.m2\repository\com\jayway\jsonpath\json-path\2.4.0\json-path-2.4.0.jar;C:\Users\Alonso\.m2\repository\net\minidev\json-smart\2.3\json-smart-2.3.jar;C:\Users\Alonso\.m2\repository\net\minidev\accessors-smart\1.2\accessors-smart-1.2.jar;C:\Users\Alonso\.m2\repository\org\ow2\asm\asm\5.0.4\asm-5.0.4.jar;C:\Users\Alonso\.m2\repository\org\slf4j\slf4j-api\1.7.25\slf4j-api-1.7.25.jar;C:\Users\Alonso\.m2\repository\junit\junit\4.12\junit-4.12.jar;C:\Users\Alonso\.m2\repository\org\assertj\assertj-core\3.9.1\assertj-core-3.9.1.jar;C:\Users\Alonso\.m2\repository\org\mockito\mockito-core\2.15.0\mockito-core-2.15.0.jar;C:\Users\Alonso\.m2\repository\net\bytebuddy\byte-buddy\1.7.11\byte-buddy-1.7.11.jar;C:\Users\Alonso\.m2\repository\net\bytebuddy\byte-buddy-agent\1.7.11\byte-buddy-agent-1.7.11.jar;C:\Users\Alonso\.m2\repository\org\objenesis\objenesis\2.6\objenesis-2.6.jar;C:\Users\Alonso\.m2\repository\org\hamcrest\hamcrest-core\1.3\hamcrest-core-1.3.jar;C:\Users\Alonso\.m2\repository\org\hamcrest\hamcrest-library\1.3\hamcrest-library-1.3.jar;C:\Users\Alonso\.m2\repository\org\skyscreamer\jsonassert\1.5.0\jsonassert-1.5.0.jar;C:\Users\Alonso\.m2\repository\com\vaadin\external\google\android-json\0.0.20131108.vaadin1\android-json-0.0.20131108.vaadin1.jar;C:\Users\Alonso\.m2\repository\org\springframework\spring-core\5.0.12.BUILD-SNAPSHOT\spring-core-5.0.12.BUILD-SNAPSHOT.jar;C:\Users\Alonso\.m2\repository\org\springframework\spring-jcl\5.0.12.BUILD-SNAPSHOT\spring-jcl-5.0.12.BUILD-SNAPSHOT.jar;C:\Users\Alonso\.m2\repository\org\springframework\spring-test\5.0.12.BUILD-SNAPSHOT\spring-test-5.0.12.BUILD-SNAPSHOT.jar;C:\Users\Alonso\.m2\repository\org\xmlunit\xmlunit-core\2.5.1\xmlunit-core-2.5.1.jar;"/>
    <property name="sun.cpu.endian" value="little"/>
    <property name="user.home" value="C:\Users\Alonso"/>
    <property name="user.language" value="es"/>
    <property name="java.specification.vendor" value="Oracle Corporation"/>
    <property name="java.home" value="C:\Program Files\Java\jdk1.8.0_151\jre"/>
    <property name="basedir" value="C:\Users\Alonso\Desktop\Alonso\Barbery\ServicioRestBarberia"/>
    <property name="file.separator" value="\"/>
    <property name="line.separator" value="&#10;"/>
    <property name="java.vm.specification.vendor" value="Oracle Corporation"/>
    <property name="java.specification.name" value="Java Platform API Specification"/>
    <property name="java.awt.graphicsenv" value="sun.awt.Win32GraphicsEnvironment"/>
    <property name="surefire.real.class.path" value="C:\Users\Alonso\AppData\Local\Temp\surefire743870528000121844\surefirebooter8627391236397455449.jar"/>
    <property name="sun.boot.class.path" value="C:\Program Files\Java\jdk1.8.0_151\jre\lib\resources.jar;C:\Program Files\Java\jdk1.8.0_151\jre\lib\rt.jar;C:\Program Files\Java\jdk1.8.0_151\jre\lib\sunrsasign.jar;C:\Program Files\Java\jdk1.8.0_151\jre\lib\jsse.jar;C:\Program Files\Java\jdk1.8.0_151\jre\lib\jce.jar;C:\Program Files\Java\jdk1.8.0_151\jre\lib\charsets.jar;C:\Program Files\Java\jdk1.8.0_151\jre\lib\jfr.jar;C:\Program Files\Java\jdk1.8.0_151\jre\classes"/>
    <property name="user.script" value=""/>
    <property name="sun.management.compiler" value="HotSpot 64-Bit Tiered Compilers"/>
    <property name="java.runtime.version" value="1.8.0_151-b12"/>
    <property name="user.name" value="Alonso"/>
    <property name="path.separator" value=";"/>
    <property name="os.version" value="10.0"/>
    <property name="java.endorsed.dirs" value="C:\Program Files\Java\jdk1.8.0_151\jre\lib\endorsed"/>
    <property name="java.runtime.name" value="Java(TM) SE Runtime Environment"/>
    <property name="file.encoding" value="Cp1252"/>
    <property name="java.vm.name" value="Java HotSpot(TM) 64-Bit Server VM"/>
    <property name="localRepository" value="C:\Users\Alonso\.m2\repository"/>
    <property name="java.vendor.url.bug" value="http://bugreport.sun.com/bugreport/"/>
    <property name="java.io.tmpdir" value="C:\Users\Alonso\AppData\Local\Temp\"/>
    <property name="java.version" value="1.8.0_151"/>
    <property name="user.dir" value="C:\Users\Alonso\Desktop\Alonso\Barbery\ServicioRestBarberia"/>
    <property name="os.arch" value="amd64"/>
    <property name="java.vm.specification.name" value="Java Virtual Machine Specification"/>
    <property name="java.awt.printerjob" value="sun.awt.windows.WPrinterJob"/>
    <property name="sun.os.patch.level" value=""/>
    <property name="java.library.path" value="C:\Program Files\Java\jdk1.8.0_151\jre\bin;C:\WINDOWS\Sun\Java\bin;C:\WINDOWS\system32;C:\WINDOWS;C:\oraclexe\app\oracle\product\11.2.0\server\bin;C:\Program Files (x86)\Common Files\Oracle\Java\javapath;C:\Program Files\Microsoft MPI\Bin\;C:\ProgramData\Oracle\Java\javapath;C:\Program Files (x86)\Intel\iCLS Client\;C:\Program Files\Intel\iCLS Client\;C:\WINDOWS\system32;C:\WINDOWS;C:\WINDOWS\System32\Wbem;C:\WINDOWS\System32\WindowsPowerShell\v1.0\;C:\Program Files (x86)\Intel\Intel(R) Management Engine Components\DAL;C:\Program Files\Intel\Intel(R) Management Engine Components\DAL;C:\Program Files (x86)\Intel\Intel(R) Management Engine Components\IPT;C:\Program Files\Intel\Intel(R) Management Engine Components\IPT;C:\Program Files\dotnet\;C:\Program Files\Microsoft SQL Server\130\Tools\Binn\;C:\Program Files (x86)\Xoreax\IncrediBuild;C:\Program Files (x86)\Microsoft SQL Server\Client SDK\ODBC\130\Tools\Binn\;C:\Program Files (x86)\Microsoft SQL Server\140\Tools\Binn\;C:\Program Files (x86)\Microsoft SQL Server\140\DTS\Binn\;C:\Program Files (x86)\Microsoft SQL Server\140\Tools\Binn\ManagementStudio\;C:\Program Files\Microsoft SQL Server\140\Tools\Binn\;C:\Program Files\Microsoft SQL Server\140\DTS\Binn\;C:\Program Files\Microsoft SQL Server\Client SDK\ODBC\130\Tools\Binn\;C:\Program Files\MySQL\MySQL Utilities 1.6\;C:\Program Files (x86)\Rational\common;C:\WINDOWS\System32\OpenSSH\;C:\Program Files (x86)\NVIDIA Corporation\PhysX\Common;%JAVA_HOME%\bin;C:\Program Files (x86)\Brackets\command;C:\Program Files\Git\cmd;C:\Program Files\Microsoft VS Code\bin;C:\Users\Alonso\AppData\Local\Microsoft\WindowsApps;C:\Program Files\Java\jdk1.8.0_151\bin;C:\Users\Alonso\AppData\Local\atom\bin;."/>
    <property name="java.vm.info" value="mixed mode"/>
    <property name="java.vendor" value="Oracle Corporation"/>
    <property name="java.vm.version" value="25.151-b12"/>
    <property name="java.ext.dirs" value="C:\Program Files\Java\jdk1.8.0_151\jre\lib\ext;C:\WINDOWS\Sun\Java\lib\ext"/>
    <property name="sun.io.unicode.encoding" value="UnicodeLittle"/>
    <property name="java.class.version" value="52.0"/>
  </properties>
  <testcase name="contextLoads" classname="com.barberia.ServicioRestBarberiaApplicationTests" time="0.001"/>
</testsuite>